2023-09-25 15:02:39,678 INFO: 目標:1，Y軸差:-14，移動距離:18
2023-09-25 15:02:39,688 INFO: count_up :
2023-09-25 15:02:39,688 INFO: 1 = 1 號車
2023-09-25 15:02:39,897 INFO: 目標:1，Y軸差:-28，移動距離:65
2023-09-25 15:02:40,003 INFO: 目標:1，Y軸差:-6，移動距離:13
2023-09-25 15:02:40,070 INFO: 目標:1，Y軸差:-6，移動距離:6
2023-09-25 15:02:40,142 INFO: 目標:1，Y軸差:-9，移動距離:19
2023-09-25 15:02:40,265 INFO: 目標:1，Y軸差:-12，移動距離:17
2023-09-25 15:02:40,392 INFO: 目標:1，Y軸差:-8，移動距離:24
2023-09-25 15:07:39,128 INFO: 目標:2，Y軸差:6，移動距離:9
2023-09-25 15:07:39,198 INFO: 目標:2，Y軸差:6，移動距離:13
2023-09-25 15:07:39,265 INFO: 目標:2，Y軸差:1，移動距離:16
2023-09-25 15:07:39,480 INFO: 目標:3，Y軸差:15，移動距離:15
2023-09-25 15:07:39,480 INFO: count_down :
2023-09-25 15:07:39,480 INFO: 1 = 3 號車
2023-09-25 15:07:39,588 INFO: 目標:3，Y軸差:10，移動距離:34
2023-09-25 15:07:39,721 INFO: 目標:3，Y軸差:15，移動距離:26
2023-09-25 15:07:39,840 INFO: 目標:3，Y軸差:15，移動距離:32
2023-09-25 15:07:50,560 INFO: 目標:4，Y軸差:7，移動距離:9
2023-09-25 15:07:50,628 INFO: 目標:4，Y軸差:5，移動距離:15
2023-09-25 15:07:50,694 INFO: 目標:4，Y軸差:16，移動距離:23
2023-09-25 15:07:50,694 INFO: count_down :
2023-09-25 15:07:50,694 INFO: 2 = 4 號車
2023-09-25 15:07:50,801 INFO: 目標:4，Y軸差:15，移動距離:31
2023-09-25 15:07:50,899 INFO: 目標:4，Y軸差:10，移動距離:29
2023-09-25 15:07:51,025 INFO: 目標:4，Y軸差:20，移動距離:43
2023-09-25 15:13:39,005 INFO: 目標:5，Y軸差:2，移動距離:12
2023-09-25 15:13:39,073 INFO: 目標:5，Y軸差:-8，移動距離:12
2023-09-25 15:13:39,151 INFO: 目標:5，Y軸差:-20，移動距離:32
2023-09-25 15:13:39,151 INFO: count_up :
2023-09-25 15:13:39,152 INFO: 2 = 5 號車
2023-09-25 15:13:39,276 INFO: 目標:5，Y軸差:-12，移動距離:30
2023-09-25 15:13:39,377 INFO: 目標:5，Y軸差:-8，移動距離:20
2023-09-25 15:13:39,442 INFO: 目標:5，Y軸差:-7，移動距離:7
2023-09-25 15:13:39,527 INFO: 目標:5，Y軸差:-9，移動距離:21
2023-09-25 15:13:39,627 INFO: 目標:5，Y軸差:-3，移動距離:29
2023-09-25 15:13:39,696 INFO: 目標:5，Y軸差:-4，移動距離:12
2023-09-25 15:13:39,760 INFO: 目標:5，Y軸差:-13，移動距離:14
2023-09-25 15:13:39,860 INFO: 目標:5，Y軸差:-2，移動距離:17
2023-09-25 15:13:39,928 INFO: 目標:5，Y軸差:-1，移動距離:7
2023-09-25 15:13:39,999 INFO: 目標:5，Y軸差:-5，移動距離:16
2023-09-25 15:14:08,660 INFO: 目標:6，Y軸差:-7，移動距離:7
2023-09-25 15:14:08,729 INFO: 目標:6，Y軸差:6，移動距離:13
2023-09-25 15:14:08,796 INFO: 目標:6，Y軸差:-2，移動距離:2
2023-09-25 15:14:09,327 INFO: 目標:9，Y軸差:3，移動距離:3
2023-09-25 15:14:09,617 INFO: 目標:10，Y軸差:38，移動距離:49
2023-09-25 15:14:09,618 INFO: count_down :
2023-09-25 15:14:09,618 INFO: 3 = 10 號車
2023-09-25 15:14:09,781 INFO: 目標:10，Y軸差:-16，移動距離:16
2023-09-25 15:14:09,781 INFO: count_up :
2023-09-25 15:14:09,781 INFO: 3 = 10 號車
2023-09-25 15:14:09,897 INFO: 目標:10，Y軸差:8，移動距離:13
2023-09-25 15:14:09,962 INFO: 目標:10，Y軸差:2，移動距離:7
2023-09-25 15:18:29,700 INFO: 目標:11，Y軸差:-17，移動距離:44
2023-09-25 15:18:29,700 INFO: count_up :
2023-09-25 15:18:29,700 INFO: 4 = 11 號車
2023-09-25 15:18:29,817 INFO: 目標:11，Y軸差:-6，移動距離:25
2023-09-25 15:18:29,897 INFO: 目標:11，Y軸差:-23，移動距離:42
2023-09-25 15:18:29,998 INFO: 目標:11，Y軸差:-14，移動距離:18
2023-09-25 15:18:30,098 INFO: 目標:11，Y軸差:-11，移動距離:34
2023-09-25 15:18:30,197 INFO: 目標:11，Y軸差:-15，移動距離:31
2023-09-25 15:18:30,298 INFO: 目標:11，Y軸差:-4，移動距離:9
2023-09-25 15:18:30,360 INFO: 目標:11，Y軸差:-3，移動距離:9
2023-09-25 15:31:36,276 INFO: 目標:1，Y軸差:11，移動距離:24
2023-09-25 15:31:36,277 INFO: count_down :
2023-09-25 15:31:36,277 INFO: 1 = 1 號車
2023-09-25 15:31:36,708 INFO: 目標:2，Y軸差:-11，移動距離:11
2023-09-25 15:31:36,708 INFO: count_up :
2023-09-25 15:31:36,708 INFO: 1 = 2 號車
2023-09-25 15:31:36,883 INFO: 目標:2，Y軸差:-7，移動距離:8
2023-09-25 15:31:37,014 INFO: 目標:2，Y軸差:-4，移動距離:4
2023-09-25 15:31:37,143 INFO: 目標:2，Y軸差:-11，移動距離:11
2023-09-25 15:31:37,298 INFO: 目標:2，Y軸差:-7，移動距離:9
2023-09-25 15:31:37,422 INFO: 目標:2，Y軸差:-9，移動距離:9
2023-09-25 15:31:37,547 INFO: 目標:2，Y軸差:-6，移動距離:9
2023-09-25 15:31:37,677 INFO: 目標:2，Y軸差:-8，移動距離:8
2023-09-25 15:31:37,803 INFO: 目標:2，Y軸差:-4，移動距離:4
2023-09-25 15:31:37,933 INFO: 目標:2，Y軸差:-5，移動距離:6
2023-09-25 15:31:38,061 INFO: 目標:2，Y軸差:-5，移動距離:6
2023-09-25 15:31:38,186 INFO: 目標:2，Y軸差:-8，移動距離:8
2023-09-25 15:31:38,312 INFO: 目標:2，Y軸差:-6，移動距離:7
2023-09-25 15:31:38,443 INFO: 目標:2，Y軸差:-6，移動距離:6
2023-09-25 16:56:45,037 INFO: 目標:1，Y軸差:-32，移動距離:61
2023-09-25 16:56:45,075 INFO: count_up :
2023-09-25 16:56:45,076 INFO: 1 = 1 號車
2023-09-25 17:04:13,286 INFO: 目標:1，Y軸差:5，移動距離:24
2023-09-25 17:04:13,422 INFO: 目標:1，Y軸差:9，移動距離:19
2023-09-25 17:04:13,422 INFO: count_down :
2023-09-25 17:04:13,423 INFO: 1 = 1 號車
2023-09-25 17:04:13,589 INFO: 目標:1，Y軸差:16，移動距離:34
2023-09-25 17:04:13,760 INFO: 目標:1，Y軸差:21，移動距離:50
2023-09-25 17:04:13,915 INFO: 目標:1，Y軸差:26，移動距離:59
2023-09-25 17:06:40,331 INFO: 目標:2，Y軸差:9，移動距離:17
2023-09-25 17:06:40,331 INFO: count_down :
2023-09-25 17:06:40,331 INFO: 2 = 2 號車
2023-09-25 17:06:40,504 INFO: 目標:2，Y軸差:10，移動距離:18
2023-09-25 17:06:40,657 INFO: 目標:2，Y軸差:18，移動距離:32
2023-09-25 17:06:40,821 INFO: 目標:2，Y軸差:14，移動距離:27
2023-09-25 17:06:40,975 INFO: 目標:2，Y軸差:12，移動距離:23
2023-09-25 17:06:41,128 INFO: 目標:2，Y軸差:17，移動距離:34
2023-09-25 17:08:45,982 INFO: 目標:3，Y軸差:11，移動距離:21
2023-09-25 17:08:45,983 INFO: count_down :
2023-09-25 17:08:45,983 INFO: 3 = 3 號車
2023-09-25 17:08:46,143 INFO: 目標:3，Y軸差:14，移動距離:23
2023-09-25 17:08:46,298 INFO: 目標:3，Y軸差:17，移動距離:32
2023-09-25 17:08:46,454 INFO: 目標:3，Y軸差:16，移動距離:28
2023-09-25 17:08:46,612 INFO: 目標:3，Y軸差:19，移動距離:39
2023-09-25 17:09:41,922 INFO: 目標:4，Y軸差:-16，移動距離:43
2023-09-25 17:09:41,922 INFO: count_up :
2023-09-25 17:09:41,922 INFO: 1 = 4 號車
2023-09-25 17:09:42,073 INFO: 目標:4，Y軸差:-25，移動距離:60
2023-09-25 17:09:42,229 INFO: 目標:4，Y軸差:-12，移動距離:52
2023-09-25 17:09:42,395 INFO: 目標:4，Y軸差:-20，移動距離:37
2023-09-25 17:09:42,557 INFO: 目標:4，Y軸差:-10，移動距離:28
2023-09-25 17:12:11,956 INFO: 目標:5，Y軸差:-25，移動距離:57
2023-09-25 17:12:11,956 INFO: count_up :
2023-09-25 17:12:11,956 INFO: 2 = 5 號車
2023-09-25 17:12:12,115 INFO: 目標:5，Y軸差:-16，移動距離:38
2023-09-25 17:12:12,274 INFO: 目標:5，Y軸差:-18，移動距離:48
2023-09-25 17:12:12,435 INFO: 目標:5，Y軸差:-19，移動距離:38
